HTTP.GET./dispatch 1004
HTTP.GET./dispatch 1011
HTTP.GET./dispatch 1554
HTTP.GET./dispatch 2012
HTTP.GET./dispatch 2520
HTTP.GET./dispatch 686
HTTP.GET./dispatch 707
HTTP.GET./dispatch 776
HTTP.GET./dispatch 786
HTTP.GET./dispatch 824
HTTP.GET./dispatch 840
HTTP.GET./dispatch 869
HTTP.GET./dispatch 887
HTTP.GET./dispatch 894
HTTP.GET./dispatch 897
HTTP.GET./dispatch 901
HTTP.GET./dispatch 910
HTTP.GET./dispatch 969
HTTP.GET./dispatch;Driver::findNearest 1137
HTTP.GET./dispatch;Driver::findNearest 553
HTTP.GET./dispatch;Driver::findNearest 566
HTTP.GET./dispatch;Driver::findNearest 641
HTTP.GET./dispatch;Driver::findNearest 654
HTTP.GET./dispatch;Driver::findNearest 665
HTTP.GET./dispatch;Driver::findNearest 665
HTTP.GET./dispatch;Driver::findNearest 673
HTTP.GET./dispatch;Driver::findNearest 673
HTTP.GET./dispatch;Driver::findNearest 677
HTTP.GET./dispatch;Driver::findNearest 684
HTTP.GET./dispatch;Driver::findNearest 687
HTTP.GET./dispatch;Driver::findNearest 688
HTTP.GET./dispatch;Driver::findNearest 691
HTTP.GET./dispatch;Driver::findNearest 695
HTTP.GET./dispatch;Driver::findNearest 782
HTTP.GET./dispatch;Driver::findNearest 793
HTTP.GET./dispatch;Driver::findNearest 793
HTTP.GET./dispatch;Driver::findNearest;Driver::findNearest 1001
HTTP.GET./dispatch;Driver::findNearest;Driver::findNearest 1005
HTTP.GET./dispatch;Driver::findNearest;Driver::findNearest 1035
HTTP.GET./dispatch;Driver::findNearest;Driver::findNearest 1066
HTTP.GET./dispatch;Driver::findNearest;Driver::findNearest 1081
HTTP.GET./dispatch;Driver::findNearest;Driver::findNearest 1092
HTTP.GET./dispatch;Driver::findNearest;Driver::findNearest 1116
HTTP.GET./dispatch;Driver::findNearest;Driver::findNearest 1125
HTTP.GET./dispatch;Driver::findNearest;Driver::findNearest 1152
HTTP.GET./dispatch;Driver::findNearest;Driver::findNearest 1153
HTTP.GET./dispatch;Driver::findNearest;Driver::findNearest 1177
HTTP.GET./dispatch;Driver::findNearest;Driver::findNearest 1231
HTTP.GET./dispatch;Driver::findNearest;Driver::findNearest 1957
HTTP.GET./dispatch;Driver::findNearest;Driver::findNearest 890
HTTP.GET./dispatch;Driver::findNearest;Driver::findNearest 927
HTTP.GET./dispatch;Driver::findNearest;Driver::findNearest 939
HTTP.GET./dispatch;Driver::findNearest;Driver::findNearest 965
HTTP.GET./dispatch;Driver::findNearest;Driver::findNearest;FindDriverIDs 12190
HTTP.GET./dispatch;Driver::findNearest;Driver::findNearest;FindDriverIDs 12846
HTTP.GET./dispatch;Driver::findNearest;Driver::findNearest;FindDriverIDs 16083
HTTP.GET./dispatch;Driver::findNearest;Driver::findNearest;FindDriverIDs 18132
HTTP.GET./dispatch;Driver::findNearest;Driver::findNearest;FindDriverIDs 19434
HTTP.GET./dispatch;Driver::findNearest;Driver::findNearest;FindDriverIDs 19704
HTTP.GET./dispatch;Driver::findNearest;Driver::findNearest;FindDriverIDs 19747
HTTP.GET./dispatch;Driver::findNearest;Driver::findNearest;FindDriverIDs 21698
HTTP.GET./dispatch;Driver::findNearest;Driver::findNearest;FindDriverIDs 22257
HTTP.GET./dispatch;Driver::findNearest;Driver::findNearest;FindDriverIDs 22369
HTTP.GET./dispatch;Driver::findNearest;Driver::findNearest;FindDriverIDs 22575
HTTP.GET./dispatch;Driver::findNearest;Driver::findNearest;FindDriverIDs 25979
HTTP.GET./dispatch;Driver::findNearest;Driver::findNearest;FindDriverIDs 26086
HTTP.GET./dispatch;Driver::findNearest;Driver::findNearest;FindDriverIDs 26355
HTTP.GET./dispatch;Driver::findNearest;Driver::findNearest;FindDriverIDs 26705
HTTP.GET./dispatch;Driver::findNearest;Driver::findNearest;FindDriverIDs 26983
HTTP.GET./dispatch;Driver::findNearest;Driver::findNearest;FindDriverIDs 29531
HTTP.GET./dispatch;Driver::findNearest;Driver::findNearest;FindDriverIDs 30893
HTTP.GET./dispatch;Driver::findNearest;Driver::findNearest;FindDriverIDs 7840
HTTP.GET./dispatch;Driver::findNearest;Driver::findNearest;GetDriver 10049
HTTP.GET./dispatch;Driver::findNearest;Driver::findNearest;GetDriver 10064
HTTP.GET./dispatch;Driver::findNearest;Driver::findNearest;GetDriver 10079
HTTP.GET./dispatch;Driver::findNearest;Driver::findNearest;GetDriver 10150
HTTP.GET./dispatch;Driver::findNearest;Driver::findNearest;GetDriver 10183
HTTP.GET./dispatch;Driver::findNearest;Driver::findNearest;GetDriver 10216
HTTP.GET./dispatch;Driver::findNearest;Driver::findNearest;GetDriver 10219
HTTP.GET./dispatch;Driver::findNearest;Driver::findNearest;GetDriver 10331
HTTP.GET./dispatch;Driver::findNearest;Driver::findNearest;GetDriver 10331
HTTP.GET./dispatch;Driver::findNearest;Driver::findNearest;GetDriver 10368
HTTP.GET./dispatch;Driver::findNearest;Driver::findNearest;GetDriver 10425
HTTP.GET./dispatch;Driver::findNearest;Driver::findNearest;GetDriver 10437
HTTP.GET./dispatch;Driver::findNearest;Driver::findNearest;GetDriver 10440
HTTP.GET./dispatch;Driver::findNearest;Driver::findNearest;GetDriver 10457
HTTP.GET./dispatch;Driver::findNearest;Driver::findNearest;GetDriver 10499
HTTP.GET./dispatch;Driver::findNearest;Driver::findNearest;GetDriver 10604
HTTP.GET./dispatch;Driver::findNearest;Driver::findNearest;GetDriver 10628
HTTP.GET./dispatch;Driver::findNearest;Driver::findNearest;GetDriver 10640
HTTP.GET./dispatch;Driver::findNearest;Driver::findNearest;GetDriver 10655
HTTP.GET./dispatch;Driver::findNearest;Driver::findNearest;GetDriver 10679
HTTP.GET./dispatch;Driver::findNearest;Driver::findNearest;GetDriver 10680
HTTP.GET./dispatch;Driver::findNearest;Driver::findNearest;GetDriver 10696
HTTP.GET./dispatch;Driver::findNearest;Driver::findNearest;GetDriver 10714
HTTP.GET./dispatch;Driver::findNearest;Driver::findNearest;GetDriver 10734
HTTP.GET./dispatch;Driver::findNearest;Driver::findNearest;GetDriver 10757
HTTP.GET./dispatch;Driver::findNearest;Driver::findNearest;GetDriver 10810
HTTP.GET./dispatch;Driver::findNearest;Driver::findNearest;GetDriver 10832
HTTP.GET./dispatch;Driver::findNearest;Driver::findNearest;GetDriver 10858
HTTP.GET./dispatch;Driver::findNearest;Driver::findNearest;GetDriver 10863
HTTP.GET./dispatch;Driver::findNearest;Driver::findNearest;GetDriver 10866
HTTP.GET./dispatch;Driver::findNearest;Driver::findNearest;GetDriver 10891
HTTP.GET./dispatch;Driver::findNearest;Driver::findNearest;GetDriver 11006
HTTP.GET./dispatch;Driver::findNearest;Driver::findNearest;GetDriver 11019
HTTP.GET./dispatch;Driver::findNearest;Driver::findNearest;GetDriver 11087
HTTP.GET./dispatch;Driver::findNearest;Driver::findNearest;GetDriver 11109
HTTP.GET./dispatch;Driver::findNearest;Driver::findNearest;GetDriver 11184
HTTP.GET./dispatch;Driver::findNearest;Driver::findNearest;GetDriver 11249
HTTP.GET./dispatch;Driver::findNearest;Driver::findNearest;GetDriver 11286
HTTP.GET./dispatch;Driver::findNearest;Driver::findNearest;GetDriver 11315
HTTP.GET./dispatch;Driver::findNearest;Driver::findNearest;GetDriver 11322
HTTP.GET./dispatch;Driver::findNearest;Driver::findNearest;GetDriver 11326
HTTP.GET./dispatch;Driver::findNearest;Driver::findNearest;GetDriver 11500
HTTP.GET./dispatch;Driver::findNearest;Driver::findNearest;GetDriver 11546
HTTP.GET./dispatch;Driver::findNearest;Driver::findNearest;GetDriver 11579
HTTP.GET./dispatch;Driver::findNearest;Driver::findNearest;GetDriver 11597
HTTP.GET./dispatch;Driver::findNearest;Driver::findNearest;GetDriver 11681
HTTP.GET./dispatch;Driver::findNearest;Driver::findNearest;GetDriver 11723
HTTP.GET./dispatch;Driver::findNearest;Driver::findNearest;GetDriver 11727
HTTP.GET./dispatch;Driver::findNearest;Driver::findNearest;GetDriver 11731
HTTP.GET./dispatch;Driver::findNearest;Driver::findNearest;GetDriver 11752
HTTP.GET./dispatch;Driver::findNearest;Driver::findNearest;GetDriver 11768
HTTP.GET./dispatch;Driver::findNearest;Driver::findNearest;GetDriver 11795
HTTP.GET./dispatch;Driver::findNearest;Driver::findNearest;GetDriver 11819
HTTP.GET./dispatch;Driver::findNearest;Driver::findNearest;GetDriver 11822
HTTP.GET./dispatch;Driver::findNearest;Driver::findNearest;GetDriver 11837
HTTP.GET./dispatch;Driver::findNearest;Driver::findNearest;GetDriver 11849
HTTP.GET./dispatch;Driver::findNearest;Driver::findNearest;GetDriver 11938
HTTP.GET./dispatch;Driver::findNearest;Driver::findNearest;GetDriver 12000
HTTP.GET./dispatch;Driver::findNearest;Driver::findNearest;GetDriver 12023
HTTP.GET./dispatch;Driver::findNearest;Driver::findNearest;GetDriver 12264
HTTP.GET./dispatch;Driver::findNearest;Driver::findNearest;GetDriver 12291
HTTP.GET./dispatch;Driver::findNearest;Driver::findNearest;GetDriver 12317
HTTP.GET./dispatch;Driver::findNearest;Driver::findNearest;GetDriver 12337
HTTP.GET./dispatch;Driver::findNearest;Driver::findNearest;GetDriver 12358
HTTP.GET./dispatch;Driver::findNearest;Driver::findNearest;GetDriver 12417
HTTP.GET./dispatch;Driver::findNearest;Driver::findNearest;GetDriver 12465
HTTP.GET./dispatch;Driver::findNearest;Driver::findNearest;GetDriver 12479
HTTP.GET./dispatch;Driver::findNearest;Driver::findNearest;GetDriver 12589
HTTP.GET./dispatch;Driver::findNearest;Driver::findNearest;GetDriver 12614
HTTP.GET./dispatch;Driver::findNearest;Driver::findNearest;GetDriver 12742
HTTP.GET./dispatch;Driver::findNearest;Driver::findNearest;GetDriver 12853
HTTP.GET./dispatch;Driver::findNearest;Driver::findNearest;GetDriver 12855
HTTP.GET./dispatch;Driver::findNearest;Driver::findNearest;GetDriver 12919
HTTP.GET./dispatch;Driver::findNearest;Driver::findNearest;GetDriver 12936
HTTP.GET./dispatch;Driver::findNearest;Driver::findNearest;GetDriver 12957
HTTP.GET./dispatch;Driver::findNearest;Driver::findNearest;GetDriver 12963
HTTP.GET./dispatch;Driver::findNearest;Driver::findNearest;GetDriver 13004
HTTP.GET./dispatch;Driver::findNearest;Driver::findNearest;GetDriver 13061
HTTP.GET./dispatch;Driver::findNearest;Driver::findNearest;GetDriver 13197
HTTP.GET./dispatch;Driver::findNearest;Driver::findNearest;GetDriver 13233
HTTP.GET./dispatch;Driver::findNearest;Driver::findNearest;GetDriver 13240
HTTP.GET./dispatch;Driver::findNearest;Driver::findNearest;GetDriver 13264
HTTP.GET./dispatch;Driver::findNearest;Driver::findNearest;GetDriver 13307
HTTP.GET./dispatch;Driver::findNearest;Driver::findNearest;GetDriver 13324
HTTP.GET./dispatch;Driver::findNearest;Driver::findNearest;GetDriver 13557
HTTP.GET./dispatch;Driver::findNearest;Driver::findNearest;GetDriver 13579
HTTP.GET./dispatch;Driver::findNearest;Driver::findNearest;GetDriver 13828
HTTP.GET./dispatch;Driver::findNearest;Driver::findNearest;GetDriver 13873
HTTP.GET./dispatch;Driver::findNearest;Driver::findNearest;GetDriver 13982
HTTP.GET./dispatch;Driver::findNearest;Driver::findNearest;GetDriver 14002
HTTP.GET./dispatch;Driver::findNearest;Driver::findNearest;GetDriver 14336
HTTP.GET./dispatch;Driver::findNearest;Driver::findNearest;GetDriver 14353
HTTP.GET./dispatch;Driver::findNearest;Driver::findNearest;GetDriver 14364
HTTP.GET./dispatch;Driver::findNearest;Driver::findNearest;GetDriver 14492
HTTP.GET./dispatch;Driver::findNearest;Driver::findNearest;GetDriver 14678
HTTP.GET./dispatch;Driver::findNearest;Driver::findNearest;GetDriver 14690
HTTP.GET./dispatch;Driver::findNearest;Driver::findNearest;GetDriver 14871
HTTP.GET./dispatch;Driver::findNearest;Driver::findNearest;GetDriver 14873
HTTP.GET./dispatch;Driver::findNearest;Driver::findNearest;GetDriver 14982
HTTP.GET./dispatch;Driver::findNearest;Driver::findNearest;GetDriver 16520
HTTP.GET./dispatch;Driver::findNearest;Driver::findNearest;GetDriver 17382
HTTP.GET./dispatch;Driver::findNearest;Driver::findNearest;GetDriver 24606
HTTP.GET./dispatch;Driver::findNearest;Driver::findNearest;GetDriver 24897
HTTP.GET./dispatch;Driver::findNearest;Driver::findNearest;GetDriver 26040
HTTP.GET./dispatch;Driver::findNearest;Driver::findNearest;GetDriver 26067
HTTP.GET./dispatch;Driver::findNearest;Driver::findNearest;GetDriver 27634
HTTP.GET./dispatch;Driver::findNearest;Driver::findNearest;GetDriver 27890
HTTP.GET./dispatch;Driver::findNearest;Driver::findNearest;GetDriver 27936
HTTP.GET./dispatch;Driver::findNearest;Driver::findNearest;GetDriver 28061
HTTP.GET./dispatch;Driver::findNearest;Driver::findNearest;GetDriver 28400
HTTP.GET./dispatch;Driver::findNearest;Driver::findNearest;GetDriver 28537
HTTP.GET./dispatch;Driver::findNearest;Driver::findNearest;GetDriver 28564
HTTP.GET./dispatch;Driver::findNearest;Driver::findNearest;GetDriver 28631
HTTP.GET./dispatch;Driver::findNearest;Driver::findNearest;GetDriver 28814
HTTP.GET./dispatch;Driver::findNearest;Driver::findNearest;GetDriver 28937
HTTP.GET./dispatch;Driver::findNearest;Driver::findNearest;GetDriver 29234
HTTP.GET./dispatch;Driver::findNearest;Driver::findNearest;GetDriver 29254
HTTP.GET./dispatch;Driver::findNearest;Driver::findNearest;GetDriver 29281
HTTP.GET./dispatch;Driver::findNearest;Driver::findNearest;GetDriver 29286
HTTP.GET./dispatch;Driver::findNearest;Driver::findNearest;GetDriver 29448
HTTP.GET./dispatch;Driver::findNearest;Driver::findNearest;GetDriver 29801
HTTP.GET./dispatch;Driver::findNearest;Driver::findNearest;GetDriver 29922
HTTP.GET./dispatch;Driver::findNearest;Driver::findNearest;GetDriver 30088
HTTP.GET./dispatch;Driver::findNearest;Driver::findNearest;GetDriver 30140
HTTP.GET./dispatch;Driver::findNearest;Driver::findNearest;GetDriver 30287
HTTP.GET./dispatch;Driver::findNearest;Driver::findNearest;GetDriver 30366
HTTP.GET./dispatch;Driver::findNearest;Driver::findNearest;GetDriver 30395
HTTP.GET./dispatch;Driver::findNearest;Driver::findNearest;GetDriver 30492
HTTP.GET./dispatch;Driver::findNearest;Driver::findNearest;GetDriver 31299
HTTP.GET./dispatch;Driver::findNearest;Driver::findNearest;GetDriver 31451
HTTP.GET./dispatch;Driver::findNearest;Driver::findNearest;GetDriver 31481
HTTP.GET./dispatch;Driver::findNearest;Driver::findNearest;GetDriver 31683
HTTP.GET./dispatch;Driver::findNearest;Driver::findNearest;GetDriver 31783
HTTP.GET./dispatch;Driver::findNearest;Driver::findNearest;GetDriver 31820
HTTP.GET./dispatch;Driver::findNearest;Driver::findNearest;GetDriver 31969
HTTP.GET./dispatch;Driver::findNearest;Driver::findNearest;GetDriver 32248
HTTP.GET./dispatch;Driver::findNearest;Driver::findNearest;GetDriver 32522
HTTP.GET./dispatch;Driver::findNearest;Driver::findNearest;GetDriver 33138
HTTP.GET./dispatch;Driver::findNearest;Driver::findNearest;GetDriver 33201
HTTP.GET./dispatch;Driver::findNearest;Driver::findNearest;GetDriver 33367
HTTP.GET./dispatch;Driver::findNearest;Driver::findNearest;GetDriver 33504
HTTP.GET./dispatch;Driver::findNearest;Driver::findNearest;GetDriver 33660
HTTP.GET./dispatch;Driver::findNearest;Driver::findNearest;GetDriver 33846
HTTP.GET./dispatch;Driver::findNearest;Driver::findNearest;GetDriver 34189
HTTP.GET./dispatch;Driver::findNearest;Driver::findNearest;GetDriver 34433
HTTP.GET./dispatch;Driver::findNearest;Driver::findNearest;GetDriver 34447
HTTP.GET./dispatch;Driver::findNearest;Driver::findNearest;GetDriver 34629
HTTP.GET./dispatch;Driver::findNearest;Driver::findNearest;GetDriver 34817
HTTP.GET./dispatch;Driver::findNearest;Driver::findNearest;GetDriver 36106
HTTP.GET./dispatch;Driver::findNearest;Driver::findNearest;GetDriver 4932
HTTP.GET./dispatch;Driver::findNearest;Driver::findNearest;GetDriver 5445
HTTP.GET./dispatch;Driver::findNearest;Driver::findNearest;GetDriver 5467
HTTP.GET./dispatch;Driver::findNearest;Driver::findNearest;GetDriver 5756
HTTP.GET./dispatch;Driver::findNearest;Driver::findNearest;GetDriver 5894
HTTP.GET./dispatch;Driver::findNearest;Driver::findNearest;GetDriver 6349
HTTP.GET./dispatch;Driver::findNearest;Driver::findNearest;GetDriver 6455
HTTP.GET./dispatch;Driver::findNearest;Driver::findNearest;GetDriver 6457
HTTP.GET./dispatch;Driver::findNearest;Driver::findNearest;GetDriver 6675
HTTP.GET./dispatch;Driver::findNearest;Driver::findNearest;GetDriver 6713
HTTP.GET./dispatch;Driver::findNearest;Driver::findNearest;GetDriver 6843
HTTP.GET./dispatch;Driver::findNearest;Driver::findNearest;GetDriver 6923
HTTP.GET./dispatch;Driver::findNearest;Driver::findNearest;GetDriver 6973
HTTP.GET./dispatch;Driver::findNearest;Driver::findNearest;GetDriver 6995
HTTP.GET./dispatch;Driver::findNearest;Driver::findNearest;GetDriver 7000
HTTP.GET./dispatch;Driver::findNearest;Driver::findNearest;GetDriver 7017
HTTP.GET./dispatch;Driver::findNearest;Driver::findNearest;GetDriver 7021
HTTP.GET./dispatch;Driver::findNearest;Driver::findNearest;GetDriver 7061
HTTP.GET./dispatch;Driver::findNearest;Driver::findNearest;GetDriver 7099
HTTP.GET./dispatch;Driver::findNearest;Driver::findNearest;GetDriver 7129
HTTP.GET./dispatch;Driver::findNearest;Driver::findNearest;GetDriver 7155
HTTP.GET./dispatch;Driver::findNearest;Driver::findNearest;GetDriver 7199
HTTP.GET./dispatch;Driver::findNearest;Driver::findNearest;GetDriver 7229
HTTP.GET./dispatch;Driver::findNearest;Driver::findNearest;GetDriver 7395
HTTP.GET./dispatch;Driver::findNearest;Driver::findNearest;GetDriver 7399
HTTP.GET./dispatch;Driver::findNearest;Driver::findNearest;GetDriver 7401
HTTP.GET./dispatch;Driver::findNearest;Driver::findNearest;GetDriver 7426
HTTP.GET./dispatch;Driver::findNearest;Driver::findNearest;GetDriver 7553
HTTP.GET./dispatch;Driver::findNearest;Driver::findNearest;GetDriver 7582
HTTP.GET./dispatch;Driver::findNearest;Driver::findNearest;GetDriver 7753
HTTP.GET./dispatch;Driver::findNearest;Driver::findNearest;GetDriver 7863
HTTP.GET./dispatch;Driver::findNearest;Driver::findNearest;GetDriver 7916
HTTP.GET./dispatch;Driver::findNearest;Driver::findNearest;GetDriver 7928
HTTP.GET./dispatch;Driver::findNearest;Driver::findNearest;GetDriver 7983
HTTP.GET./dispatch;Driver::findNearest;Driver::findNearest;GetDriver 8007
HTTP.GET./dispatch;Driver::findNearest;Driver::findNearest;GetDriver 8162
HTTP.GET./dispatch;Driver::findNearest;Driver::findNearest;GetDriver 8186
HTTP.GET./dispatch;Driver::findNearest;Driver::findNearest;GetDriver 8190
HTTP.GET./dispatch;Driver::findNearest;Driver::findNearest;GetDriver 8202
HTTP.GET./dispatch;Driver::findNearest;Driver::findNearest;GetDriver 8203
HTTP.GET./dispatch;Driver::findNearest;Driver::findNearest;GetDriver 8228
HTTP.GET./dispatch;Driver::findNearest;Driver::findNearest;GetDriver 8250
HTTP.GET./dispatch;Driver::findNearest;Driver::findNearest;GetDriver 8257
HTTP.GET./dispatch;Driver::findNearest;Driver::findNearest;GetDriver 8282
HTTP.GET./dispatch;Driver::findNearest;Driver::findNearest;GetDriver 8427
HTTP.GET./dispatch;Driver::findNearest;Driver::findNearest;GetDriver 8448
HTTP.GET./dispatch;Driver::findNearest;Driver::findNearest;GetDriver 8468
HTTP.GET./dispatch;Driver::findNearest;Driver::findNearest;GetDriver 8474
HTTP.GET./dispatch;Driver::findNearest;Driver::findNearest;GetDriver 8513
HTTP.GET./dispatch;Driver::findNearest;Driver::findNearest;GetDriver 8557
HTTP.GET./dispatch;Driver::findNearest;Driver::findNearest;GetDriver 8563
HTTP.GET./dispatch;Driver::findNearest;Driver::findNearest;GetDriver 8611
HTTP.GET./dispatch;Driver::findNearest;Driver::findNearest;GetDriver 8646
HTTP.GET./dispatch;Driver::findNearest;Driver::findNearest;GetDriver 8660
HTTP.GET./dispatch;Driver::findNearest;Driver::findNearest;GetDriver 8677
HTTP.GET./dispatch;Driver::findNearest;Driver::findNearest;GetDriver 8696
HTTP.GET./dispatch;Driver::findNearest;Driver::findNearest;GetDriver 8732
HTTP.GET./dispatch;Driver::findNearest;Driver::findNearest;GetDriver 8753
HTTP.GET./dispatch;Driver::findNearest;Driver::findNearest;GetDriver 8839
HTTP.GET./dispatch;Driver::findNearest;Driver::findNearest;GetDriver 8981
HTTP.GET./dispatch;Driver::findNearest;Driver::findNearest;GetDriver 9044
HTTP.GET./dispatch;Driver::findNearest;Driver::findNearest;GetDriver 9072
HTTP.GET./dispatch;Driver::findNearest;Driver::findNearest;GetDriver 9084
HTTP.GET./dispatch;Driver::findNearest;Driver::findNearest;GetDriver 9089
HTTP.GET./dispatch;Driver::findNearest;Driver::findNearest;GetDriver 9095
HTTP.GET./dispatch;Driver::findNearest;Driver::findNearest;GetDriver 9146
HTTP.GET./dispatch;Driver::findNearest;Driver::findNearest;GetDriver 9199
HTTP.GET./dispatch;Driver::findNearest;Driver::findNearest;GetDriver 9200
HTTP.GET./dispatch;Driver::findNearest;Driver::findNearest;GetDriver 9262
HTTP.GET./dispatch;Driver::findNearest;Driver::findNearest;GetDriver 9346
HTTP.GET./dispatch;Driver::findNearest;Driver::findNearest;GetDriver 9436
HTTP.GET./dispatch;Driver::findNearest;Driver::findNearest;GetDriver 9442
HTTP.GET./dispatch;Driver::findNearest;Driver::findNearest;GetDriver 9508
HTTP.GET./dispatch;Driver::findNearest;Driver::findNearest;GetDriver 9513
HTTP.GET./dispatch;Driver::findNearest;Driver::findNearest;GetDriver 9645
HTTP.GET./dispatch;Driver::findNearest;Driver::findNearest;GetDriver 9647
HTTP.GET./dispatch;Driver::findNearest;Driver::findNearest;GetDriver 9649
HTTP.GET./dispatch;Driver::findNearest;Driver::findNearest;GetDriver 9652
HTTP.GET./dispatch;Driver::findNearest;Driver::findNearest;GetDriver 9700
HTTP.GET./dispatch;Driver::findNearest;Driver::findNearest;GetDriver 9706
HTTP.GET./dispatch;Driver::findNearest;Driver::findNearest;GetDriver 9710
HTTP.GET./dispatch;Driver::findNearest;Driver::findNearest;GetDriver 9778
HTTP.GET./dispatch;Driver::findNearest;Driver::findNearest;GetDriver 9788
HTTP.GET./dispatch;Driver::findNearest;Driver::findNearest;GetDriver 9789
HTTP.GET./dispatch;Driver::findNearest;Driver::findNearest;GetDriver 9814
HTTP.GET./dispatch;Driver::findNearest;Driver::findNearest;GetDriver 9894
HTTP.GET./dispatch;Driver::findNearest;Driver::findNearest;GetDriver 9922
HTTP.GET./dispatch;Driver::findNearest;Driver::findNearest;GetDriver 9958
HTTP.GET./dispatch;Driver::findNearest;Driver::findNearest;GetDriver 9985
HTTP.GET./dispatch;Driver::findNearest;Driver::findNearest_[w] 1131
HTTP.GET./dispatch;Driver::findNearest;Driver::findNearest_[w] 795
HTTP.GET./dispatch;Driver::findNearest_[w] 735
HTTP.GET./dispatch;HTTP.GET:./customer 105
HTTP.GET./dispatch;HTTP.GET:./customer 14
HTTP.GET./dispatch;HTTP.GET:./customer 14
HTTP.GET./dispatch;HTTP.GET:./customer 15
HTTP.GET./dispatch;HTTP.GET:./customer 20
HTTP.GET./dispatch;HTTP.GET:./customer 20
HTTP.GET./dispatch;HTTP.GET:./customer 24
HTTP.GET./dispatch;HTTP.GET:./customer 24
HTTP.GET./dispatch;HTTP.GET:./customer 25
HTTP.GET./dispatch;HTTP.GET:./customer 26
HTTP.GET./dispatch;HTTP.GET:./customer 29
HTTP.GET./dispatch;HTTP.GET:./customer 30
HTTP.GET./dispatch;HTTP.GET:./customer 38
HTTP.GET./dispatch;HTTP.GET:./customer 47
HTTP.GET./dispatch;HTTP.GET:./customer 7
HTTP.GET./dispatch;HTTP.GET:./customer 80
HTTP.GET./dispatch;HTTP.GET:./customer 92
HTTP.GET./dispatch;HTTP.GET:./customer 94
HTTP.GET./dispatch;HTTP.GET:./customer;HTTP.GET 1727
HTTP.GET./dispatch;HTTP.GET:./customer;HTTP.GET 450
HTTP.GET./dispatch;HTTP.GET:./customer;HTTP.GET 474
HTTP.GET./dispatch;HTTP.GET:./customer;HTTP.GET 671
HTTP.GET./dispatch;HTTP.GET:./customer;HTTP.GET 675
HTTP.GET./dispatch;HTTP.GET:./customer;HTTP.GET 681
HTTP.GET./dispatch;HTTP.GET:./customer;HTTP.GET 717
HTTP.GET./dispatch;HTTP.GET:./customer;HTTP.GET 725
HTTP.GET./dispatch;HTTP.GET:./customer;HTTP.GET 733
HTTP.GET./dispatch;HTTP.GET:./customer;HTTP.GET 739
HTTP.GET./dispatch;HTTP.GET:./customer;HTTP.GET 754
HTTP.GET./dispatch;HTTP.GET:./customer;HTTP.GET 768
HTTP.GET./dispatch;HTTP.GET:./customer;HTTP.GET 770
HTTP.GET./dispatch;HTTP.GET:./customer;HTTP.GET 775
HTTP.GET./dispatch;HTTP.GET:./customer;HTTP.GET 795
HTTP.GET./dispatch;HTTP.GET:./customer;HTTP.GET 837
HTTP.GET./dispatch;HTTP.GET:./customer;HTTP.GET 837
HTTP.GET./dispatch;HTTP.GET:./customer;HTTP.GET 843
HTTP.GET./dispatch;HTTP.GET:./customer;HTTP.GET;HTTP.GET./customer 168
HTTP.GET./dispatch;HTTP.GET:./customer;HTTP.GET;HTTP.GET./customer 203
HTTP.GET./dispatch;HTTP.GET:./customer;HTTP.GET;HTTP.GET./customer 224
HTTP.GET./dispatch;HTTP.GET:./customer;HTTP.GET;HTTP.GET./customer 235
HTTP.GET./dispatch;HTTP.GET:./customer;HTTP.GET;HTTP.GET./customer 267
HTTP.GET./dispatch;HTTP.GET:./customer;HTTP.GET;HTTP.GET./customer 452
HTTP.GET./dispatch;HTTP.GET:./customer;HTTP.GET;HTTP.GET./customer;SQL.SELECT 230898
HTTP.GET./dispatch;HTTP.GET:./customer;HTTP.GET;HTTP.GET./customer;SQL.SELECT 279573
HTTP.GET./dispatch;HTTP.GET:./customer;HTTP.GET;HTTP.GET./customer;SQL.SELECT 280258
HTTP.GET./dispatch;HTTP.GET:./customer;HTTP.GET;HTTP.GET./customer;SQL.SELECT 280677
HTTP.GET./dispatch;HTTP.GET:./customer;HTTP.GET;HTTP.GET./customer;SQL.SELECT 281292
HTTP.GET./dispatch;HTTP.GET:./customer;HTTP.GET;HTTP.GET./customer;SQL.SELECT 283178
HTTP.GET./dispatch;HTTP.GET:./customer;HTTP.GET;HTTP.GET./customer;SQL.SELECT 297363
HTTP.GET./dispatch;HTTP.GET:./customer;HTTP.GET;HTTP.GET./customer;SQL.SELECT 298408
HTTP.GET./dispatch;HTTP.GET:./customer;HTTP.GET;HTTP.GET./customer;SQL.SELECT 303906
HTTP.GET./dispatch;HTTP.GET:./customer;HTTP.GET;HTTP.GET./customer;SQL.SELECT 305575
HTTP.GET./dispatch;HTTP.GET:./customer;HTTP.GET;HTTP.GET./customer;SQL.SELECT 312185
HTTP.GET./dispatch;HTTP.GET:./customer;HTTP.GET;HTTP.GET./customer;SQL.SELECT 313852
HTTP.GET./dispatch;HTTP.GET:./customer;HTTP.GET;HTTP.GET./customer;SQL.SELECT 316453
HTTP.GET./dispatch;HTTP.GET:./customer;HTTP.GET;HTTP.GET./customer;SQL.SELECT 317103
HTTP.GET./dispatch;HTTP.GET:./customer;HTTP.GET;HTTP.GET./customer;SQL.SELECT 354658
HTTP.GET./dispatch;HTTP.GET:./customer;HTTP.GET;HTTP.GET./customer;SQL.SELECT 360743
HTTP.GET./dispatch;HTTP.GET:./customer;HTTP.GET;HTTP.GET./customer;SQL.SELECT_[w] 277350
HTTP.GET./dispatch;HTTP.GET:./customer;HTTP.GET;HTTP.GET./customer;SQL.SELECT_[w] 293571
HTTP.GET./dispatch;HTTP.GET:./customer;HTTP.GET;HTTP.GET./customer;SQL.SELECT_[w] 311005
HTTP.GET./dispatch;HTTP.GET:./customer;HTTP.GET;HTTP.GET./customer_[w] 113
HTTP.GET./dispatch;HTTP.GET:./customer;HTTP.GET;HTTP.GET./customer_[w] 169
HTTP.GET./dispatch;HTTP.GET:./customer;HTTP.GET;HTTP.GET./customer_[w] 183
HTTP.GET./dispatch;HTTP.GET:./customer;HTTP.GET;HTTP.GET./customer_[w] 187
HTTP.GET./dispatch;HTTP.GET:./customer;HTTP.GET;HTTP.GET./customer_[w] 199
HTTP.GET./dispatch;HTTP.GET:./customer;HTTP.GET;HTTP.GET./customer_[w] 200
HTTP.GET./dispatch;HTTP.GET:./customer;HTTP.GET;HTTP.GET./customer_[w] 209
HTTP.GET./dispatch;HTTP.GET:./customer;HTTP.GET;HTTP.GET./customer_[w] 224
HTTP.GET./dispatch;HTTP.GET:./customer;HTTP.GET;HTTP.GET./customer_[w] 226
HTTP.GET./dispatch;HTTP.GET:./customer;HTTP.GET;HTTP.GET./customer_[w] 232
HTTP.GET./dispatch;HTTP.GET:./customer;HTTP.GET;HTTP.GET./customer_[w] 241
HTTP.GET./dispatch;HTTP.GET:./customer;HTTP.GET;HTTP.GET./customer_[w] 241
HTTP.GET./dispatch;HTTP.GET:./customer;HTTP.GET;HTTP.GET./customer_[w] 312
HTTP.GET./dispatch;HTTP.GET:./customer;HTTP.GET_[w] 2928
HTTP.GET./dispatch;HTTP.GET:./customer_[w] 114
HTTP.GET./dispatch;HTTP.GET:./route 10
HTTP.GET./dispatch;HTTP.GET:./route 16
HTTP.GET./dispatch;HTTP.GET:./route 17
HTTP.GET./dispatch;HTTP.GET:./route 17
HTTP.GET./dispatch;HTTP.GET:./route 17
HTTP.GET./dispatch;HTTP.GET:./route 18
HTTP.GET./dispatch;HTTP.GET:./route 19
HTTP.GET./dispatch;HTTP.GET:./route 19
HTTP.GET./dispatch;HTTP.GET:./route 19
HTTP.GET./dispatch;HTTP.GET:./route 19
HTTP.GET./dispatch;HTTP.GET:./route 19
HTTP.GET./dispatch;HTTP.GET:./route 19
HTTP.GET./dispatch;HTTP.GET:./route 20
HTTP.GET./dispatch;HTTP.GET:./route 20
HTTP.GET./dispatch;HTTP.GET:./route 20
HTTP.GET./dispatch;HTTP.GET:./route 20
HTTP.GET./dispatch;HTTP.GET:./route 20
HTTP.GET./dispatch;HTTP.GET:./route 20
HTTP.GET./dispatch;HTTP.GET:./route 20
HTTP.GET./dispatch;HTTP.GET:./route 21
HTTP.GET./dispatch;HTTP.GET:./route 21
HTTP.GET./dispatch;HTTP.GET:./route 21
HTTP.GET./dispatch;HTTP.GET:./route 21
HTTP.GET./dispatch;HTTP.GET:./route 21
HTTP.GET./dispatch;HTTP.GET:./route 21
HTTP.GET./dispatch;HTTP.GET:./route 21
HTTP.GET./dispatch;HTTP.GET:./route 21
HTTP.GET./dispatch;HTTP.GET:./route 22
HTTP.GET./dispatch;HTTP.GET:./route 22
HTTP.GET./dispatch;HTTP.GET:./route 22
HTTP.GET./dispatch;HTTP.GET:./route 22
HTTP.GET./dispatch;HTTP.GET:./route 22
HTTP.GET./dispatch;HTTP.GET:./route 23
HTTP.GET./dispatch;HTTP.GET:./route 23
HTTP.GET./dispatch;HTTP.GET:./route 23
HTTP.GET./dispatch;HTTP.GET:./route 23
HTTP.GET./dispatch;HTTP.GET:./route 23
HTTP.GET./dispatch;HTTP.GET:./route 23
HTTP.GET./dispatch;HTTP.GET:./route 23
HTTP.GET./dispatch;HTTP.GET:./route 23
HTTP.GET./dispatch;HTTP.GET:./route 23
HTTP.GET./dispatch;HTTP.GET:./route 23
HTTP.GET./dispatch;HTTP.GET:./route 24
HTTP.GET./dispatch;HTTP.GET:./route 24
HTTP.GET./dispatch;HTTP.GET:./route 24
HTTP.GET./dispatch;HTTP.GET:./route 24
HTTP.GET./dispatch;HTTP.GET:./route 24
HTTP.GET./dispatch;HTTP.GET:./route 24
HTTP.GET./dispatch;HTTP.GET:./route 24
HTTP.GET./dispatch;HTTP.GET:./route 24
HTTP.GET./dispatch;HTTP.GET:./route 24
HTTP.GET./dispatch;HTTP.GET:./route 24
HTTP.GET./dispatch;HTTP.GET:./route 24
HTTP.GET./dispatch;HTTP.GET:./route 25
HTTP.GET./dispatch;HTTP.GET:./route 25
HTTP.GET./dispatch;HTTP.GET:./route 25
HTTP.GET./dispatch;HTTP.GET:./route 25
HTTP.GET./dispatch;HTTP.GET:./route 25
HTTP.GET./dispatch;HTTP.GET:./route 25
HTTP.GET./dispatch;HTTP.GET:./route 25
HTTP.GET./dispatch;HTTP.GET:./route 25
HTTP.GET./dispatch;HTTP.GET:./route 26
HTTP.GET./dispatch;HTTP.GET:./route 26
HTTP.GET./dispatch;HTTP.GET:./route 26
HTTP.GET./dispatch;HTTP.GET:./route 26
HTTP.GET./dispatch;HTTP.GET:./route 26
HTTP.GET./dispatch;HTTP.GET:./route 26
HTTP.GET./dispatch;HTTP.GET:./route 26
HTTP.GET./dispatch;HTTP.GET:./route 26
HTTP.GET./dispatch;HTTP.GET:./route 26
HTTP.GET./dispatch;HTTP.GET:./route 26
HTTP.GET./dispatch;HTTP.GET:./route 27
HTTP.GET./dispatch;HTTP.GET:./route 27
HTTP.GET./dispatch;HTTP.GET:./route 27
HTTP.GET./dispatch;HTTP.GET:./route 27
HTTP.GET./dispatch;HTTP.GET:./route 27
HTTP.GET./dispatch;HTTP.GET:./route 27
HTTP.GET./dispatch;HTTP.GET:./route 27
HTTP.GET./dispatch;HTTP.GET:./route 28
HTTP.GET./dispatch;HTTP.GET:./route 28
HTTP.GET./dispatch;HTTP.GET:./route 28
HTTP.GET./dispatch;HTTP.GET:./route 28
HTTP.GET./dispatch;HTTP.GET:./route 28
HTTP.GET./dispatch;HTTP.GET:./route 28
HTTP.GET./dispatch;HTTP.GET:./route 28
HTTP.GET./dispatch;HTTP.GET:./route 28
HTTP.GET./dispatch;HTTP.GET:./route 28
HTTP.GET./dispatch;HTTP.GET:./route 28
HTTP.GET./dispatch;HTTP.GET:./route 29
HTTP.GET./dispatch;HTTP.GET:./route 29
HTTP.GET./dispatch;HTTP.GET:./route 29
HTTP.GET./dispatch;HTTP.GET:./route 29
HTTP.GET./dispatch;HTTP.GET:./route 29
HTTP.GET./dispatch;HTTP.GET:./route 29
HTTP.GET./dispatch;HTTP.GET:./route 29
HTTP.GET./dispatch;HTTP.GET:./route 30
HTTP.GET./dispatch;HTTP.GET:./route 30
HTTP.GET./dispatch;HTTP.GET:./route 30
HTTP.GET./dispatch;HTTP.GET:./route 30
HTTP.GET./dispatch;HTTP.GET:./route 30
HTTP.GET./dispatch;HTTP.GET:./route 30
HTTP.GET./dispatch;HTTP.GET:./route 30
HTTP.GET./dispatch;HTTP.GET:./route 30
HTTP.GET./dispatch;HTTP.GET:./route 30
HTTP.GET./dispatch;HTTP.GET:./route 30
HTTP.GET./dispatch;HTTP.GET:./route 30
HTTP.GET./dispatch;HTTP.GET:./route 31
HTTP.GET./dispatch;HTTP.GET:./route 31
HTTP.GET./dispatch;HTTP.GET:./route 31
HTTP.GET./dispatch;HTTP.GET:./route 31
HTTP.GET./dispatch;HTTP.GET:./route 31
HTTP.GET./dispatch;HTTP.GET:./route 31
HTTP.GET./dispatch;HTTP.GET:./route 31
HTTP.GET./dispatch;HTTP.GET:./route 31
HTTP.GET./dispatch;HTTP.GET:./route 31
HTTP.GET./dispatch;HTTP.GET:./route 31
HTTP.GET./dispatch;HTTP.GET:./route 31
HTTP.GET./dispatch;HTTP.GET:./route 31
HTTP.GET./dispatch;HTTP.GET:./route 32
HTTP.GET./dispatch;HTTP.GET:./route 32
HTTP.GET./dispatch;HTTP.GET:./route 32
HTTP.GET./dispatch;HTTP.GET:./route 32
HTTP.GET./dispatch;HTTP.GET:./route 32
HTTP.GET./dispatch;HTTP.GET:./route 32
HTTP.GET./dispatch;HTTP.GET:./route 32
HTTP.GET./dispatch;HTTP.GET:./route 32
HTTP.GET./dispatch;HTTP.GET:./route 32
HTTP.GET./dispatch;HTTP.GET:./route 32
HTTP.GET./dispatch;HTTP.GET:./route 32
HTTP.GET./dispatch;HTTP.GET:./route 32
HTTP.GET./dispatch;HTTP.GET:./route 32
HTTP.GET./dispatch;HTTP.GET:./route 32
HTTP.GET./dispatch;HTTP.GET:./route 32
HTTP.GET./dispatch;HTTP.GET:./route 32
HTTP.GET./dispatch;HTTP.GET:./route 32
HTTP.GET./dispatch;HTTP.GET:./route 33
HTTP.GET./dispatch;HTTP.GET:./route 33
HTTP.GET./dispatch;HTTP.GET:./route 33
HTTP.GET./dispatch;HTTP.GET:./route 33
HTTP.GET./dispatch;HTTP.GET:./route 33
HTTP.GET./dispatch;HTTP.GET:./route 33
HTTP.GET./dispatch;HTTP.GET:./route 33
HTTP.GET./dispatch;HTTP.GET:./route 34
HTTP.GET./dispatch;HTTP.GET:./route 34
HTTP.GET./dispatch;HTTP.GET:./route 34
HTTP.GET./dispatch;HTTP.GET:./route 34
HTTP.GET./dispatch;HTTP.GET:./route 34
HTTP.GET./dispatch;HTTP.GET:./route 34
HTTP.GET./dispatch;HTTP.GET:./route 34
HTTP.GET./dispatch;HTTP.GET:./route 34
HTTP.GET./dispatch;HTTP.GET:./route 35
HTTP.GET./dispatch;HTTP.GET:./route 35
HTTP.GET./dispatch;HTTP.GET:./route 36
HTTP.GET./dispatch;HTTP.GET:./route 36
HTTP.GET./dispatch;HTTP.GET:./route 36
HTTP.GET./dispatch;HTTP.GET:./route 36
HTTP.GET./dispatch;HTTP.GET:./route 36
HTTP.GET./dispatch;HTTP.GET:./route 37
HTTP.GET./dispatch;HTTP.GET:./route 37
HTTP.GET./dispatch;HTTP.GET:./route 37
HTTP.GET./dispatch;HTTP.GET:./route 38
HTTP.GET./dispatch;HTTP.GET:./route 38
HTTP.GET./dispatch;HTTP.GET:./route 39
HTTP.GET./dispatch;HTTP.GET:./route 39
HTTP.GET./dispatch;HTTP.GET:./route 40
HTTP.GET./dispatch;HTTP.GET:./route 40
HTTP.GET./dispatch;HTTP.GET:./route 43
HTTP.GET./dispatch;HTTP.GET:./route 45
HTTP.GET./dispatch;HTTP.GET:./route 503
HTTP.GET./dispatch;HTTP.GET:./route 51
HTTP.GET./dispatch;HTTP.GET:./route 54
HTTP.GET./dispatch;HTTP.GET:./route 56
HTTP.GET./dispatch;HTTP.GET:./route 58
HTTP.GET./dispatch;HTTP.GET:./route 6
HTTP.GET./dispatch;HTTP.GET:./route 64
HTTP.GET./dispatch;HTTP.GET:./route 7
HTTP.GET./dispatch;HTTP.GET:./route 73
HTTP.GET./dispatch;HTTP.GET:./route 8
HTTP.GET./dispatch;HTTP.GET:./route 8
HTTP.GET./dispatch;HTTP.GET:./route 8
HTTP.GET./dispatch;HTTP.GET:./route;HTTP.GET 1072
HTTP.GET./dispatch;HTTP.GET:./route;HTTP.GET 1131
HTTP.GET./dispatch;HTTP.GET:./route;HTTP.GET 1151
HTTP.GET./dispatch;HTTP.GET:./route;HTTP.GET 1166
HTTP.GET./dispatch;HTTP.GET:./route;HTTP.GET 1177
HTTP.GET./dispatch;HTTP.GET:./route;HTTP.GET 1180
HTTP.GET./dispatch;HTTP.GET:./route;HTTP.GET 1188
HTTP.GET./dispatch;HTTP.GET:./route;HTTP.GET 1200
HTTP.GET./dispatch;HTTP.GET:./route;HTTP.GET 1203
HTTP.GET./dispatch;HTTP.GET:./route;HTTP.GET 1205
HTTP.GET./dispatch;HTTP.GET:./route;HTTP.GET 1217
HTTP.GET./dispatch;HTTP.GET:./route;HTTP.GET 1224
HTTP.GET./dispatch;HTTP.GET:./route;HTTP.GET 1233
HTTP.GET./dispatch;HTTP.GET:./route;HTTP.GET 1256
HTTP.GET./dispatch;HTTP.GET:./route;HTTP.GET 1271
HTTP.GET./dispatch;HTTP.GET:./route;HTTP.GET 1360
HTTP.GET./dispatch;HTTP.GET:./route;HTTP.GET 1601
HTTP.GET./dispatch;HTTP.GET:./route;HTTP.GET 1633
HTTP.GET./dispatch;HTTP.GET:./route;HTTP.GET 1637
HTTP.GET./dispatch;HTTP.GET:./route;HTTP.GET 171
HTTP.GET./dispatch;HTTP.GET:./route;HTTP.GET 173
HTTP.GET./dispatch;HTTP.GET:./route;HTTP.GET 227
HTTP.GET./dispatch;HTTP.GET:./route;HTTP.GET 233
HTTP.GET./dispatch;HTTP.GET:./route;HTTP.GET 2489
HTTP.GET./dispatch;HTTP.GET:./route;HTTP.GET 2642
HTTP.GET./dispatch;HTTP.GET:./route;HTTP.GET 279
HTTP.GET./dispatch;HTTP.GET:./route;HTTP.GET 358
HTTP.GET./dispatch;HTTP.GET:./route;HTTP.GET 389
HTTP.GET./dispatch;HTTP.GET:./route;HTTP.GET 417
HTTP.GET./dispatch;HTTP.GET:./route;HTTP.GET 466
HTTP.GET./dispatch;HTTP.GET:./route;HTTP.GET 528
HTTP.GET./dispatch;HTTP.GET:./route;HTTP.GET 547
HTTP.GET./dispatch;HTTP.GET:./route;HTTP.GET 577
HTTP.GET./dispatch;HTTP.GET:./route;HTTP.GET 593
HTTP.GET./dispatch;HTTP.GET:./route;HTTP.GET 593
HTTP.GET./dispatch;HTTP.GET:./route;HTTP.GET 601
HTTP.GET./dispatch;HTTP.GET:./route;HTTP.GET 602
HTTP.GET./dispatch;HTTP.GET:./route;HTTP.GET 618
HTTP.GET./dispatch;HTTP.GET:./route;HTTP.GET 619
HTTP.GET./dispatch;HTTP.GET:./route;HTTP.GET 622
HTTP.GET./dispatch;HTTP.GET:./route;HTTP.GET 623
HTTP.GET./dispatch;HTTP.GET:./route;HTTP.GET 626
HTTP.GET./dispatch;HTTP.GET:./route;HTTP.GET 631
HTTP.GET./dispatch;HTTP.GET:./route;HTTP.GET 631
HTTP.GET./dispatch;HTTP.GET:./route;HTTP.GET 633
HTTP.GET./dispatch;HTTP.GET:./route;HTTP.GET 635
HTTP.GET./dispatch;HTTP.GET:./route;HTTP.GET 638
HTTP.GET./dispatch;HTTP.GET:./route;HTTP.GET 638
HTTP.GET./dispatch;HTTP.GET:./route;HTTP.GET 639
HTTP.GET./dispatch;HTTP.GET:./route;HTTP.GET 640
HTTP.GET./dispatch;HTTP.GET:./route;HTTP.GET 641
HTTP.GET./dispatch;HTTP.GET:./route;HTTP.GET 643
HTTP.GET./dispatch;HTTP.GET:./route;HTTP.GET 647
HTTP.GET./dispatch;HTTP.GET:./route;HTTP.GET 655
HTTP.GET./dispatch;HTTP.GET:./route;HTTP.GET 657
HTTP.GET./dispatch;HTTP.GET:./route;HTTP.GET 660
HTTP.GET./dispatch;HTTP.GET:./route;HTTP.GET 661
HTTP.GET./dispatch;HTTP.GET:./route;HTTP.GET 661
HTTP.GET./dispatch;HTTP.GET:./route;HTTP.GET 667
HTTP.GET./dispatch;HTTP.GET:./route;HTTP.GET 670
HTTP.GET./dispatch;HTTP.GET:./route;HTTP.GET 672
HTTP.GET./dispatch;HTTP.GET:./route;HTTP.GET 672
HTTP.GET./dispatch;HTTP.GET:./route;HTTP.GET 676
HTTP.GET./dispatch;HTTP.GET:./route;HTTP.GET 678
HTTP.GET./dispatch;HTTP.GET:./route;HTTP.GET 679
HTTP.GET./dispatch;HTTP.GET:./route;HTTP.GET 679
HTTP.GET./dispatch;HTTP.GET:./route;HTTP.GET 680
HTTP.GET./dispatch;HTTP.GET:./route;HTTP.GET 682
HTTP.GET./dispatch;HTTP.GET:./route;HTTP.GET 682
HTTP.GET./dispatch;HTTP.GET:./route;HTTP.GET 682
HTTP.GET./dispatch;HTTP.GET:./route;HTTP.GET 683
HTTP.GET./dispatch;HTTP.GET:./route;HTTP.GET 684
HTTP.GET./dispatch;HTTP.GET:./route;HTTP.GET 685
HTTP.GET./dispatch;HTTP.GET:./route;HTTP.GET 687
HTTP.GET./dispatch;HTTP.GET:./route;HTTP.GET 690
HTTP.GET./dispatch;HTTP.GET:./route;HTTP.GET 691
HTTP.GET./dispatch;HTTP.GET:./route;HTTP.GET 693
HTTP.GET./dispatch;HTTP.GET:./route;HTTP.GET 695
HTTP.GET./dispatch;HTTP.GET:./route;HTTP.GET 697
HTTP.GET./dispatch;HTTP.GET:./route;HTTP.GET 698
HTTP.GET./dispatch;HTTP.GET:./route;HTTP.GET 702
HTTP.GET./dispatch;HTTP.GET:./route;HTTP.GET 703
HTTP.GET./dispatch;HTTP.GET:./route;HTTP.GET 706
HTTP.GET./dispatch;HTTP.GET:./route;HTTP.GET 708
HTTP.GET./dispatch;HTTP.GET:./route;HTTP.GET 708
HTTP.GET./dispatch;HTTP.GET:./route;HTTP.GET 708
HTTP.GET./dispatch;HTTP.GET:./route;HTTP.GET 711
HTTP.GET./dispatch;HTTP.GET:./route;HTTP.GET 712
HTTP.GET./dispatch;HTTP.GET:./route;HTTP.GET 712
HTTP.GET./dispatch;HTTP.GET:./route;HTTP.GET 713
HTTP.GET./dispatch;HTTP.GET:./route;HTTP.GET 714
HTTP.GET./dispatch;HTTP.GET:./route;HTTP.GET 714
HTTP.GET./dispatch;HTTP.GET:./route;HTTP.GET 716
HTTP.GET./dispatch;HTTP.GET:./route;HTTP.GET 716
HTTP.GET./dispatch;HTTP.GET:./route;HTTP.GET 717
HTTP.GET./dispatch;HTTP.GET:./route;HTTP.GET 719
HTTP.GET./dispatch;HTTP.GET:./route;HTTP.GET 719
HTTP.GET./dispatch;HTTP.GET:./route;HTTP.GET 721
HTTP.GET./dispatch;HTTP.GET:./route;HTTP.GET 721
HTTP.GET./dispatch;HTTP.GET:./route;HTTP.GET 723
HTTP.GET./dispatch;HTTP.GET:./route;HTTP.GET 724
HTTP.GET./dispatch;HTTP.GET:./route;HTTP.GET 726
HTTP.GET./dispatch;HTTP.GET:./route;HTTP.GET 726
HTTP.GET./dispatch;HTTP.GET:./route;HTTP.GET 727
HTTP.GET./dispatch;HTTP.GET:./route;HTTP.GET 729
HTTP.GET./dispatch;HTTP.GET:./route;HTTP.GET 731
HTTP.GET./dispatch;HTTP.GET:./route;HTTP.GET 732
HTTP.GET./dispatch;HTTP.GET:./route;HTTP.GET 736
HTTP.GET./dispatch;HTTP.GET:./route;HTTP.GET 736
HTTP.GET./dispatch;HTTP.GET:./route;HTTP.GET 738
HTTP.GET./dispatch;HTTP.GET:./route;HTTP.GET 740
HTTP.GET./dispatch;HTTP.GET:./route;HTTP.GET 741
HTTP.GET./dispatch;HTTP.GET:./route;HTTP.GET 741
HTTP.GET./dispatch;HTTP.GET:./route;HTTP.GET 743
HTTP.GET./dispatch;HTTP.GET:./route;HTTP.GET 743
HTTP.GET./dispatch;HTTP.GET:./route;HTTP.GET 744
HTTP.GET./dispatch;HTTP.GET:./route;HTTP.GET 745
HTTP.GET./dispatch;HTTP.GET:./route;HTTP.GET 745
HTTP.GET./dispatch;HTTP.GET:./route;HTTP.GET 747
HTTP.GET./dispatch;HTTP.GET:./route;HTTP.GET 754
HTTP.GET./dispatch;HTTP.GET:./route;HTTP.GET 756
HTTP.GET./dispatch;HTTP.GET:./route;HTTP.GET 756
HTTP.GET./dispatch;HTTP.GET:./route;HTTP.GET 756
HTTP.GET./dispatch;HTTP.GET:./route;HTTP.GET 757
HTTP.GET./dispatch;HTTP.GET:./route;HTTP.GET 760
HTTP.GET./dispatch;HTTP.GET:./route;HTTP.GET 761
HTTP.GET./dispatch;HTTP.GET:./route;HTTP.GET 761
HTTP.GET./dispatch;HTTP.GET:./route;HTTP.GET 761
HTTP.GET./dispatch;HTTP.GET:./route;HTTP.GET 762
HTTP.GET./dispatch;HTTP.GET:./route;HTTP.GET 763
HTTP.GET./dispatch;HTTP.GET:./route;HTTP.GET 764
HTTP.GET./dispatch;HTTP.GET:./route;HTTP.GET 764
HTTP.GET./dispatch;HTTP.GET:./route;HTTP.GET 764
HTTP.GET./dispatch;HTTP.GET:./route;HTTP.GET 765
HTTP.GET./dispatch;HTTP.GET:./route;HTTP.GET 765
HTTP.GET./dispatch;HTTP.GET:./route;HTTP.GET 765
HTTP.GET./dispatch;HTTP.GET:./route;HTTP.GET 765
HTTP.GET./dispatch;HTTP.GET:./route;HTTP.GET 765
HTTP.GET./dispatch;HTTP.GET:./route;HTTP.GET 771
HTTP.GET./dispatch;HTTP.GET:./route;HTTP.GET 772
HTTP.GET./dispatch;HTTP.GET:./route;HTTP.GET 775
HTTP.GET./dispatch;HTTP.GET:./route;HTTP.GET 775
HTTP.GET./dispatch;HTTP.GET:./route;HTTP.GET 781
HTTP.GET./dispatch;HTTP.GET:./route;HTTP.GET 782
HTTP.GET./dispatch;HTTP.GET:./route;HTTP.GET 784
HTTP.GET./dispatch;HTTP.GET:./route;HTTP.GET 784
HTTP.GET./dispatch;HTTP.GET:./route;HTTP.GET 786
HTTP.GET./dispatch;HTTP.GET:./route;HTTP.GET 786
HTTP.GET./dispatch;HTTP.GET:./route;HTTP.GET 787
HTTP.GET./dispatch;HTTP.GET:./route;HTTP.GET 790
HTTP.GET./dispatch;HTTP.GET:./route;HTTP.GET 790
HTTP.GET./dispatch;HTTP.GET:./route;HTTP.GET 790
HTTP.GET./dispatch;HTTP.GET:./route;HTTP.GET 790
HTTP.GET./dispatch;HTTP.GET:./route;HTTP.GET 794
HTTP.GET./dispatch;HTTP.GET:./route;HTTP.GET 796
HTTP.GET./dispatch;HTTP.GET:./route;HTTP.GET 798
HTTP.GET./dispatch;HTTP.GET:./route;HTTP.GET 803
HTTP.GET./dispatch;HTTP.GET:./route;HTTP.GET 806
HTTP.GET./dispatch;HTTP.GET:./route;HTTP.GET 813
HTTP.GET./dispatch;HTTP.GET:./route;HTTP.GET 814
HTTP.GET./dispatch;HTTP.GET:./route;HTTP.GET 815
HTTP.GET./dispatch;HTTP.GET:./route;HTTP.GET 819
HTTP.GET./dispatch;HTTP.GET:./route;HTTP.GET 819
HTTP.GET./dispatch;HTTP.GET:./route;HTTP.GET 819
HTTP.GET./dispatch;HTTP.GET:./route;HTTP.GET 822
HTTP.GET./dispatch;HTTP.GET:./route;HTTP.GET 822
HTTP.GET./dispatch;HTTP.GET:./route;HTTP.GET 823
HTTP.GET./dispatch;HTTP.GET:./route;HTTP.GET 825
HTTP.GET./dispatch;HTTP.GET:./route;HTTP.GET 833
HTTP.GET./dispatch;HTTP.GET:./route;HTTP.GET 848
HTTP.GET./dispatch;HTTP.GET:./route;HTTP.GET 848
HTTP.GET./dispatch;HTTP.GET:./route;HTTP.GET 860
HTTP.GET./dispatch;HTTP.GET:./route;HTTP.GET 868
HTTP.GET./dispatch;HTTP.GET:./route;HTTP.GET 877
HTTP.GET./dispatch;HTTP.GET:./route;HTTP.GET 884
HTTP.GET./dispatch;HTTP.GET:./route;HTTP.GET 888
HTTP.GET./dispatch;HTTP.GET:./route;HTTP.GET 890
HTTP.GET./dispatch;HTTP.GET:./route;HTTP.GET 896
HTTP.GET./dispatch;HTTP.GET:./route;HTTP.GET 931
HTTP.GET./dispatch;HTTP.GET:./route;HTTP.GET 935
HTTP.GET./dispatch;HTTP.GET:./route;HTTP.GET;HTTP.GET./route 12422
HTTP.GET./dispatch;HTTP.GET:./route;HTTP.GET;HTTP.GET./route 21199
HTTP.GET./dispatch;HTTP.GET:./route;HTTP.GET;HTTP.GET./route 25014
HTTP.GET./dispatch;HTTP.GET:./route;HTTP.GET;HTTP.GET./route 26239
HTTP.GET./dispatch;HTTP.GET:./route;HTTP.GET;HTTP.GET./route 26998
HTTP.GET./dispatch;HTTP.GET:./route;HTTP.GET;HTTP.GET./route 29507
HTTP.GET./dispatch;HTTP.GET:./route;HTTP.GET;HTTP.GET./route 29511
HTTP.GET./dispatch;HTTP.GET:./route;HTTP.GET;HTTP.GET./route 31971
HTTP.GET./dispatch;HTTP.GET:./route;HTTP.GET;HTTP.GET./route 32283
HTTP.GET./dispatch;HTTP.GET:./route;HTTP.GET;HTTP.GET./route 32454
HTTP.GET./dispatch;HTTP.GET:./route;HTTP.GET;HTTP.GET./route 32859
HTTP.GET./dispatch;HTTP.GET:./route;HTTP.GET;HTTP.GET./route 33432
HTTP.GET./dispatch;HTTP.GET:./route;HTTP.GET;HTTP.GET./route 33785
HTTP.GET./dispatch;HTTP.GET:./route;HTTP.GET;HTTP.GET./route 34153
HTTP.GET./dispatch;HTTP.GET:./route;HTTP.GET;HTTP.GET./route 34747
HTTP.GET./dispatch;HTTP.GET:./route;HTTP.GET;HTTP.GET./route 34747
HTTP.GET./dispatch;HTTP.GET:./route;HTTP.GET;HTTP.GET./route 36147
HTTP.GET./dispatch;HTTP.GET:./route;HTTP.GET;HTTP.GET./route 36378
HTTP.GET./dispatch;HTTP.GET:./route;HTTP.GET;HTTP.GET./route 36510
HTTP.GET./dispatch;HTTP.GET:./route;HTTP.GET;HTTP.GET./route 36546
HTTP.GET./dispatch;HTTP.GET:./route;HTTP.GET;HTTP.GET./route 36868
HTTP.GET./dispatch;HTTP.GET:./route;HTTP.GET;HTTP.GET./route 36918
HTTP.GET./dispatch;HTTP.GET:./route;HTTP.GET;HTTP.GET./route 37138
HTTP.GET./dispatch;HTTP.GET:./route;HTTP.GET;HTTP.GET./route 37159
HTTP.GET./dispatch;HTTP.GET:./route;HTTP.GET;HTTP.GET./route 37399
HTTP.GET./dispatch;HTTP.GET:./route;HTTP.GET;HTTP.GET./route 37664
HTTP.GET./dispatch;HTTP.GET:./route;HTTP.GET;HTTP.GET./route 37940
HTTP.GET./dispatch;HTTP.GET:./route;HTTP.GET;HTTP.GET./route 37948
HTTP.GET./dispatch;HTTP.GET:./route;HTTP.GET;HTTP.GET./route 37954
HTTP.GET./dispatch;HTTP.GET:./route;HTTP.GET;HTTP.GET./route 38362
HTTP.GET./dispatch;HTTP.GET:./route;HTTP.GET;HTTP.GET./route 38585
HTTP.GET./dispatch;HTTP.GET:./route;HTTP.GET;HTTP.GET./route 38720
HTTP.GET./dispatch;HTTP.GET:./route;HTTP.GET;HTTP.GET./route 39166
HTTP.GET./dispatch;HTTP.GET:./route;HTTP.GET;HTTP.GET./route 39365
HTTP.GET./dispatch;HTTP.GET:./route;HTTP.GET;HTTP.GET./route 39564
HTTP.GET./dispatch;HTTP.GET:./route;HTTP.GET;HTTP.GET./route 40099
HTTP.GET./dispatch;HTTP.GET:./route;HTTP.GET;HTTP.GET./route 40796
HTTP.GET./dispatch;HTTP.GET:./route;HTTP.GET;HTTP.GET./route 41042
HTTP.GET./dispatch;HTTP.GET:./route;HTTP.GET;HTTP.GET./route 41167
HTTP.GET./dispatch;HTTP.GET:./route;HTTP.GET;HTTP.GET./route 41446
HTTP.GET./dispatch;HTTP.GET:./route;HTTP.GET;HTTP.GET./route 41448
HTTP.GET./dispatch;HTTP.GET:./route;HTTP.GET;HTTP.GET./route 41581
HTTP.GET./dispatch;HTTP.GET:./route;HTTP.GET;HTTP.GET./route 41799
HTTP.GET./dispatch;HTTP.GET:./route;HTTP.GET;HTTP.GET./route 42224
HTTP.GET./dispatch;HTTP.GET:./route;HTTP.GET;HTTP.GET./route 42386
HTTP.GET./dispatch;HTTP.GET:./route;HTTP.GET;HTTP.GET./route 42761
HTTP.GET./dispatch;HTTP.GET:./route;HTTP.GET;HTTP.GET./route 42913
HTTP.GET./dispatch;HTTP.GET:./route;HTTP.GET;HTTP.GET./route 42925
HTTP.GET./dispatch;HTTP.GET:./route;HTTP.GET;HTTP.GET./route 43403
HTTP.GET./dispatch;HTTP.GET:./route;HTTP.GET;HTTP.GET./route 43428
HTTP.GET./dispatch;HTTP.GET:./route;HTTP.GET;HTTP.GET./route 43725
HTTP.GET./dispatch;HTTP.GET:./route;HTTP.GET;HTTP.GET./route 43947
HTTP.GET./dispatch;HTTP.GET:./route;HTTP.GET;HTTP.GET./route 44044
HTTP.GET./dispatch;HTTP.GET:./route;HTTP.GET;HTTP.GET./route 44614
HTTP.GET./dispatch;HTTP.GET:./route;HTTP.GET;HTTP.GET./route 44840
HTTP.GET./dispatch;HTTP.GET:./route;HTTP.GET;HTTP.GET./route 44864
HTTP.GET./dispatch;HTTP.GET:./route;HTTP.GET;HTTP.GET./route 45445
HTTP.GET./dispatch;HTTP.GET:./route;HTTP.GET;HTTP.GET./route 45542
HTTP.GET./dispatch;HTTP.GET:./route;HTTP.GET;HTTP.GET./route 45688
HTTP.GET./dispatch;HTTP.GET:./route;HTTP.GET;HTTP.GET./route 45872
HTTP.GET./dispatch;HTTP.GET:./route;HTTP.GET;HTTP.GET./route 46107
HTTP.GET./dispatch;HTTP.GET:./route;HTTP.GET;HTTP.GET./route 46142
HTTP.GET./dispatch;HTTP.GET:./route;HTTP.GET;HTTP.GET./route 46576
HTTP.GET./dispatch;HTTP.GET:./route;HTTP.GET;HTTP.GET./route 46909
HTTP.GET./dispatch;HTTP.GET:./route;HTTP.GET;HTTP.GET./route 46955
HTTP.GET./dispatch;HTTP.GET:./route;HTTP.GET;HTTP.GET./route 47047
HTTP.GET./dispatch;HTTP.GET:./route;HTTP.GET;HTTP.GET./route 47585
HTTP.GET./dispatch;HTTP.GET:./route;HTTP.GET;HTTP.GET./route 47666
HTTP.GET./dispatch;HTTP.GET:./route;HTTP.GET;HTTP.GET./route 47758
HTTP.GET./dispatch;HTTP.GET:./route;HTTP.GET;HTTP.GET./route 48028
HTTP.GET./dispatch;HTTP.GET:./route;HTTP.GET;HTTP.GET./route 48037
HTTP.GET./dispatch;HTTP.GET:./route;HTTP.GET;HTTP.GET./route 48047
HTTP.GET./dispatch;HTTP.GET:./route;HTTP.GET;HTTP.GET./route 48328
HTTP.GET./dispatch;HTTP.GET:./route;HTTP.GET;HTTP.GET./route 48354
HTTP.GET./dispatch;HTTP.GET:./route;HTTP.GET;HTTP.GET./route 48355
HTTP.GET./dispatch;HTTP.GET:./route;HTTP.GET;HTTP.GET./route 48952
HTTP.GET./dispatch;HTTP.GET:./route;HTTP.GET;HTTP.GET./route 48957
HTTP.GET./dispatch;HTTP.GET:./route;HTTP.GET;HTTP.GET./route 48974
HTTP.GET./dispatch;HTTP.GET:./route;HTTP.GET;HTTP.GET./route 48998
HTTP.GET./dispatch;HTTP.GET:./route;HTTP.GET;HTTP.GET./route 49094
HTTP.GET./dispatch;HTTP.GET:./route;HTTP.GET;HTTP.GET./route 49096
HTTP.GET./dispatch;HTTP.GET:./route;HTTP.GET;HTTP.GET./route 49225
HTTP.GET./dispatch;HTTP.GET:./route;HTTP.GET;HTTP.GET./route 49250
HTTP.GET./dispatch;HTTP.GET:./route;HTTP.GET;HTTP.GET./route 49491
HTTP.GET./dispatch;HTTP.GET:./route;HTTP.GET;HTTP.GET./route 49593
HTTP.GET./dispatch;HTTP.GET:./route;HTTP.GET;HTTP.GET./route 49618
HTTP.GET./dispatch;HTTP.GET:./route;HTTP.GET;HTTP.GET./route 49771
HTTP.GET./dispatch;HTTP.GET:./route;HTTP.GET;HTTP.GET./route 50022
HTTP.GET./dispatch;HTTP.GET:./route;HTTP.GET;HTTP.GET./route 50030
HTTP.GET./dispatch;HTTP.GET:./route;HTTP.GET;HTTP.GET./route 50078
HTTP.GET./dispatch;HTTP.GET:./route;HTTP.GET;HTTP.GET./route 50335
HTTP.GET./dispatch;HTTP.GET:./route;HTTP.GET;HTTP.GET./route 50511
HTTP.GET./dispatch;HTTP.GET:./route;HTTP.GET;HTTP.GET./route 50844
HTTP.GET./dispatch;HTTP.GET:./route;HTTP.GET;HTTP.GET./route 50873
HTTP.GET./dispatch;HTTP.GET:./route;HTTP.GET;HTTP.GET./route 50887
HTTP.GET./dispatch;HTTP.GET:./route;HTTP.GET;HTTP.GET./route 50932
HTTP.GET./dispatch;HTTP.GET:./route;HTTP.GET;HTTP.GET./route 50969
HTTP.GET./dispatch;HTTP.GET:./route;HTTP.GET;HTTP.GET./route 51010
HTTP.GET./dispatch;HTTP.GET:./route;HTTP.GET;HTTP.GET./route 51055
HTTP.GET./dispatch;HTTP.GET:./route;HTTP.GET;HTTP.GET./route 51072
HTTP.GET./dispatch;HTTP.GET:./route;HTTP.GET;HTTP.GET./route 51078
HTTP.GET./dispatch;HTTP.GET:./route;HTTP.GET;HTTP.GET./route 51392
HTTP.GET./dispatch;HTTP.GET:./route;HTTP.GET;HTTP.GET./route 51402
HTTP.GET./dispatch;HTTP.GET:./route;HTTP.GET;HTTP.GET./route 51711
HTTP.GET./dispatch;HTTP.GET:./route;HTTP.GET;HTTP.GET./route 51735
HTTP.GET./dispatch;HTTP.GET:./route;HTTP.GET;HTTP.GET./route 51875
HTTP.GET./dispatch;HTTP.GET:./route;HTTP.GET;HTTP.GET./route 51880
HTTP.GET./dispatch;HTTP.GET:./route;HTTP.GET;HTTP.GET./route 51997
HTTP.GET./dispatch;HTTP.GET:./route;HTTP.GET;HTTP.GET./route 52016
HTTP.GET./dispatch;HTTP.GET:./route;HTTP.GET;HTTP.GET./route 52288
HTTP.GET./dispatch;HTTP.GET:./route;HTTP.GET;HTTP.GET./route 52376
HTTP.GET./dispatch;HTTP.GET:./route;HTTP.GET;HTTP.GET./route 52481
HTTP.GET./dispatch;HTTP.GET:./route;HTTP.GET;HTTP.GET./route 52556
HTTP.GET./dispatch;HTTP.GET:./route;HTTP.GET;HTTP.GET./route 52759
HTTP.GET./dispatch;HTTP.GET:./route;HTTP.GET;HTTP.GET./route 53009
HTTP.GET./dispatch;HTTP.GET:./route;HTTP.GET;HTTP.GET./route 53047
HTTP.GET./dispatch;HTTP.GET:./route;HTTP.GET;HTTP.GET./route 53118
HTTP.GET./dispatch;HTTP.GET:./route;HTTP.GET;HTTP.GET./route 53263
HTTP.GET./dispatch;HTTP.GET:./route;HTTP.GET;HTTP.GET./route 53437
HTTP.GET./dispatch;HTTP.GET:./route;HTTP.GET;HTTP.GET./route 53545
HTTP.GET./dispatch;HTTP.GET:./route;HTTP.GET;HTTP.GET./route 53821
HTTP.GET./dispatch;HTTP.GET:./route;HTTP.GET;HTTP.GET./route 53826
HTTP.GET./dispatch;HTTP.GET:./route;HTTP.GET;HTTP.GET./route 53900
HTTP.GET./dispatch;HTTP.GET:./route;HTTP.GET;HTTP.GET./route 54170
HTTP.GET./dispatch;HTTP.GET:./route;HTTP.GET;HTTP.GET./route 54252
HTTP.GET./dispatch;HTTP.GET:./route;HTTP.GET;HTTP.GET./route 54482
HTTP.GET./dispatch;HTTP.GET:./route;HTTP.GET;HTTP.GET./route 54641
HTTP.GET./dispatch;HTTP.GET:./route;HTTP.GET;HTTP.GET./route 54914
HTTP.GET./dispatch;HTTP.GET:./route;HTTP.GET;HTTP.GET./route 55476
HTTP.GET./dispatch;HTTP.GET:./route;HTTP.GET;HTTP.GET./route 55748
HTTP.GET./dispatch;HTTP.GET:./route;HTTP.GET;HTTP.GET./route 55887
HTTP.GET./dispatch;HTTP.GET:./route;HTTP.GET;HTTP.GET./route 56021
HTTP.GET./dispatch;HTTP.GET:./route;HTTP.GET;HTTP.GET./route 56023
HTTP.GET./dispatch;HTTP.GET:./route;HTTP.GET;HTTP.GET./route 56216
HTTP.GET./dispatch;HTTP.GET:./route;HTTP.GET;HTTP.GET./route 56316
HTTP.GET./dispatch;HTTP.GET:./route;HTTP.GET;HTTP.GET./route 56373
HTTP.GET./dispatch;HTTP.GET:./route;HTTP.GET;HTTP.GET./route 56680
HTTP.GET./dispatch;HTTP.GET:./route;HTTP.GET;HTTP.GET./route 57143
HTTP.GET./dispatch;HTTP.GET:./route;HTTP.GET;HTTP.GET./route 57293
HTTP.GET./dispatch;HTTP.GET:./route;HTTP.GET;HTTP.GET./route 57380
HTTP.GET./dispatch;HTTP.GET:./route;HTTP.GET;HTTP.GET./route 57477
HTTP.GET./dispatch;HTTP.GET:./route;HTTP.GET;HTTP.GET./route 58174
HTTP.GET./dispatch;HTTP.GET:./route;HTTP.GET;HTTP.GET./route 58263
HTTP.GET./dispatch;HTTP.GET:./route;HTTP.GET;HTTP.GET./route 58483
HTTP.GET./dispatch;HTTP.GET:./route;HTTP.GET;HTTP.GET./route 58563
HTTP.GET./dispatch;HTTP.GET:./route;HTTP.GET;HTTP.GET./route 58774
HTTP.GET./dispatch;HTTP.GET:./route;HTTP.GET;HTTP.GET./route 58780
HTTP.GET./dispatch;HTTP.GET:./route;HTTP.GET;HTTP.GET./route 58969
HTTP.GET./dispatch;HTTP.GET:./route;HTTP.GET;HTTP.GET./route 59066
HTTP.GET./dispatch;HTTP.GET:./route;HTTP.GET;HTTP.GET./route 59095
HTTP.GET./dispatch;HTTP.GET:./route;HTTP.GET;HTTP.GET./route 59332
HTTP.GET./dispatch;HTTP.GET:./route;HTTP.GET;HTTP.GET./route 59502
HTTP.GET./dispatch;HTTP.GET:./route;HTTP.GET;HTTP.GET./route 59780
HTTP.GET./dispatch;HTTP.GET:./route;HTTP.GET;HTTP.GET./route 59804
HTTP.GET./dispatch;HTTP.GET:./route;HTTP.GET;HTTP.GET./route 59949
HTTP.GET./dispatch;HTTP.GET:./route;HTTP.GET;HTTP.GET./route 60087
HTTP.GET./dispatch;HTTP.GET:./route;HTTP.GET;HTTP.GET./route 60238
HTTP.GET./dispatch;HTTP.GET:./route;HTTP.GET;HTTP.GET./route 61043
HTTP.GET./dispatch;HTTP.GET:./route;HTTP.GET;HTTP.GET./route 61614
HTTP.GET./dispatch;HTTP.GET:./route;HTTP.GET;HTTP.GET./route 62064
HTTP.GET./dispatch;HTTP.GET:./route;HTTP.GET;HTTP.GET./route 62188
HTTP.GET./dispatch;HTTP.GET:./route;HTTP.GET;HTTP.GET./route 62277
HTTP.GET./dispatch;HTTP.GET:./route;HTTP.GET;HTTP.GET./route 62724
HTTP.GET./dispatch;HTTP.GET:./route;HTTP.GET;HTTP.GET./route 63129
HTTP.GET./dispatch;HTTP.GET:./route;HTTP.GET;HTTP.GET./route 63167
HTTP.GET./dispatch;HTTP.GET:./route;HTTP.GET;HTTP.GET./route 63284
HTTP.GET./dispatch;HTTP.GET:./route;HTTP.GET;HTTP.GET./route 63308
HTTP.GET./dispatch;HTTP.GET:./route;HTTP.GET;HTTP.GET./route 64507
HTTP.GET./dispatch;HTTP.GET:./route;HTTP.GET;HTTP.GET./route 65879
HTTP.GET./dispatch;HTTP.GET:./route;HTTP.GET;HTTP.GET./route 67077
HTTP.GET./dispatch;HTTP.GET:./route;HTTP.GET;HTTP.GET./route 67544
HTTP.GET./dispatch;HTTP.GET:./route;HTTP.GET;HTTP.GET./route 67662
HTTP.GET./dispatch;HTTP.GET:./route;HTTP.GET;HTTP.GET./route 68037
HTTP.GET./dispatch;HTTP.GET:./route;HTTP.GET;HTTP.GET./route 68426
HTTP.GET./dispatch;HTTP.GET:./route;HTTP.GET;HTTP.GET./route 68512
HTTP.GET./dispatch;HTTP.GET:./route;HTTP.GET;HTTP.GET./route 68855
HTTP.GET./dispatch;HTTP.GET:./route;HTTP.GET;HTTP.GET./route 70638
HTTP.GET./dispatch;HTTP.GET:./route;HTTP.GET;HTTP.GET./route 70953
HTTP.GET./dispatch;HTTP.GET:./route;HTTP.GET;HTTP.GET./route 70973
HTTP.GET./dispatch;HTTP.GET:./route;HTTP.GET;HTTP.GET./route 71001
HTTP.GET./dispatch;HTTP.GET:./route;HTTP.GET;HTTP.GET./route 72570
HTTP.GET./dispatch;HTTP.GET:./route;HTTP.GET;HTTP.GET./route 73103
HTTP.GET./dispatch;HTTP.GET:./route;HTTP.GET;HTTP.GET./route 73191
HTTP.GET./dispatch;HTTP.GET:./route;HTTP.GET;HTTP.GET./route 73632
HTTP.GET./dispatch;HTTP.GET:./route;HTTP.GET;HTTP.GET./route 74610
HTTP.GET./dispatch;HTTP.GET:./route;HTTP.GET;HTTP.GET./route 76520
HTTP.GET./dispatch;HTTP.GET:./route;HTTP.GET;HTTP.GET./route 78077
HTTP.GET./dispatch;HTTP.GET:./route;HTTP.GET;HTTP.GET./route 79135
HTTP.GET./dispatch;HTTP.GET:./route;HTTP.GET;HTTP.GET./route 80144
HTTP.GET./dispatch;HTTP.GET:./route;HTTP.GET;HTTP.GET./route 85606
HTTP.GET./dispatch;HTTP.GET:./route;HTTP.GET_[w] 1417
HTTP.GET./dispatch;HTTP.GET:./route;HTTP.GET_[w] 2209
HTTP.GET./dispatch;HTTP.GET:./route;HTTP.GET_[w] 3048
HTTP.GET./dispatch;HTTP.GET:./route;HTTP.GET_[w] 677
HTTP.GET./dispatch;HTTP.GET:./route;HTTP.GET_[w] 719
HTTP.GET./dispatch;HTTP.GET:./route;HTTP.GET_[w] 731
HTTP.GET./dispatch;HTTP.GET:./route;HTTP.GET_[w] 813
HTTP.GET./dispatch;HTTP.GET:./route;HTTP.GET_[w] 825
HTTP.GET./dispatch;HTTP.GET:./route;HTTP.GET_[w] 863
HTTP.GET./dispatch;HTTP.GET:./route;HTTP.GET_[w] 891
HTTP.GET./dispatch;HTTP.GET:./route_[w] 18
HTTP.GET./dispatch;HTTP.GET:./route_[w] 22
HTTP.GET./dispatch;HTTP.GET:./route_[w] 22
HTTP.GET./dispatch;HTTP.GET:./route_[w] 29
HTTP.GET./dispatch;HTTP.GET:./route_[w] 30
HTTP.GET./dispatch;HTTP.GET:./route_[w] 30
HTTP.GET./dispatch;HTTP.GET:./route_[w] 30
HTTP.GET./dispatch;HTTP.GET:./route_[w] 33
HTTP.GET./dispatch;HTTP.GET:./route_[w] 38
HTTP.GET./dispatch;HTTP.GET:./route_[w] 59
HTTP.GET./dispatch_[w] 2295
HTTP.GET./_[w] 189
